<?xml version="1.0" encoding="UTF-8"?>
<testsuite xmlns:xsi="http://www.w3.org/2001/XMLSchema-instance" xsi:schemaLocation="https://maven.apache.org/surefire/maven-surefire-plugin/xsd/surefire-test-report.xsd" name="Tests.SearchQueryResultsTest" time="8.501" tests="1" errors="0" skipped="0" failures="0">
  <properties>
    <property name="java.runtime.name" value="Java(TM) SE Runtime Environment"/>
    <property name="java.vm.version" value="17.0.2+8-LTS-86"/>
    <property name="sun.boot.library.path" value="C:\Program Files\Java\jdk-17.0.2\bin"/>
    <property name="maven.multiModuleProjectDirectory" value="C:\Users\Mira\IdeaProjects\JavaDlaTesteraSeleniumDemo"/>
    <property name="java.vm.vendor" value="Oracle Corporation"/>
    <property name="java.vendor.url" value="https://java.oracle.com/"/>
    <property name="guice.disable.misplaced.annotation.check" value="true"/>
    <property name="path.separator" value=";"/>
    <property name="java.vm.name" value="Java HotSpot(TM) 64-Bit Server VM"/>
    <property name="sun.os.patch.level" value=""/>
    <property name="user.script" value=""/>
    <property name="user.country" value="PL"/>
    <property name="sun.java.launcher" value="SUN_STANDARD"/>
    <property name="java.vm.specification.name" value="Java Virtual Machine Specification"/>
    <property name="user.dir" value="C:\Users\Mira\IdeaProjects\JavaDlaTesteraSeleniumDemo"/>
    <property name="java.vm.compressedOopsMode" value="Zero based"/>
    <property name="java.runtime.version" value="17.0.2+8-LTS-86"/>
    <property name="os.arch" value="amd64"/>
    <property name="java.io.tmpdir" value="C:\Users\Mira\AppData\Local\Temp\"/>
    <property name="line.separator" value="&#10;"/>
    <property name="java.vm.specification.vendor" value="Oracle Corporation"/>
    <property name="user.variant" value=""/>
    <property name="os.name" value="Windows 11"/>
    <property name="classworlds.conf" value="C:\opt\apache-maven-3.8.4\bin\m2.conf"/>
    <property name="sun.jnu.encoding" value="Cp1250"/>
    <property name="java.library.path" value="C:\Program Files\Java\jdk-17.0.2\bin;C:\WINDOWS\Sun\Java\bin;C:\WINDOWS\system32;C:\WINDOWS;C:\bin;C:\Program Files\Common Files\Oracle\Java\javapath;C:\Python39\Scripts\;C:\Python39\;C:\WINDOWS\system32;C:\WINDOWS;C:\WINDOWS\System32\Wbem;C:\WINDOWS\System32\WindowsPowerShell\v1.0\;C:\WINDOWS\System32\OpenSSH\;C:\Program Files\PuTTY\;C:\Program Files (x86)\Microsoft SQL Server\Client SDK\ODBC\130\Tools\Binn\;C:\Program Files (x86)\Microsoft SQL Server\140\Tools\Binn\;C:\Program Files (x86)\Microsoft SQL Server\140\DTS\Binn\;C:\Program Files (x86)\Microsoft SQL Server\140\Tools\Binn\ManagementStudio\;C:\Program Files\nodejs\;C:\ProgramData\chocolatey\bin;C:\Program Files\Java\jdk-11\bin;C:\Program Files\Git\cmd;C:\opt\apache-maven-3.8.4\bin;C:\Program Files\Java\jdk-17.0.2\bin;C:\Users\Mira\AppData\Local\Microsoft\WindowsApps;;C:\Users\Mira\AppData\Local\Programs\Microsoft VS Code\bin;C:\Users\Mira\AppData\Roaming\npm;C:\Program Files\Git\usr\bin;C:\Program Files\Git\usr\share\vim\vim74;C:\;."/>
    <property name="maven.conf" value="C:\opt\apache-maven-3.8.4/conf"/>
    <property name="jdk.debug" value="release"/>
    <property name="java.class.version" value="61.0"/>
    <property name="java.specification.name" value="Java Platform API Specification"/>
    <property name="sun.management.compiler" value="HotSpot 64-Bit Tiered Compilers"/>
    <property name="os.version" value="10.0"/>
    <property name="library.jansi.path" value="C:\opt\apache-maven-3.8.4\lib\jansi-native"/>
    <property name="user.home" value="C:\Users\Mira"/>
    <property name="user.timezone" value="Europe/Warsaw"/>
    <property name="file.encoding" value="Cp1250"/>
    <property name="java.specification.version" value="17"/>
    <property name="user.name" value="Mira"/>
    <property name="java.class.path" value="C:\opt\apache-maven-3.8.4\boot\plexus-classworlds-2.6.0.jar"/>
    <property name="java.vm.specification.version" value="17"/>
    <property name="sun.arch.data.model" value="64"/>
    <property name="sun.java.command" value="org.codehaus.plexus.classworlds.launcher.Launcher clean test"/>
    <property name="java.home" value="C:\Program Files\Java\jdk-17.0.2"/>
    <property name="user.language" value="pl"/>
    <property name="java.specification.vendor" value="Oracle Corporation"/>
    <property name="java.vm.info" value="mixed mode, sharing"/>
    <property name="java.version" value="17.0.2"/>
    <property name="native.encoding" value="Cp1250"/>
    <property name="java.vendor" value="Oracle Corporation"/>
    <property name="sun.stderr.encoding" value="cp852"/>
    <property name="maven.home" value="C:\opt\apache-maven-3.8.4"/>
    <property name="file.separator" value="\"/>
    <property name="java.version.date" value="2022-01-18"/>
    <property name="java.vendor.url.bug" value="https://bugreport.java.com/bugreport/"/>
    <property name="sun.io.unicode.encoding" value="UnicodeLittle"/>
    <property name="sun.cpu.endian" value="little"/>
    <property name="sun.stdout.encoding" value="cp852"/>
    <property name="sun.cpu.isalist" value="amd64"/>
  </properties>
  <testcase name="shouldSeeSearchingResultList" classname="Tests.SearchQueryResultsTest" time="8.49"/>
</testsuite>